            --------------------------------------------------------
                             AMBER SQM VERSION 19
 
                                     By
              Ross C. Walker, Michael F. Crowley, Scott Brozell,
                         Tim Giese, Andreas W. Goetz,
                        Tai-Sung Lee and David A. Case
 
            --------------------------------------------------------
 

--------------------------------------------------------------------------------
  QM CALCULATION INFO
--------------------------------------------------------------------------------

| QMMM: Citation for AMBER QMMM Run:
| QMMM: R.C. Walker, M.F. Crowley and D.A. Case, J. COMP. CHEM. 29:1019, 2008

QMMM: SINGLET STATE CALCULATION
QMMM: RHF CALCULATION, NO. OF DOUBLY OCCUPIED LEVELS = 47

| QMMM: *** Selected Hamiltonian *** 
| QMMM: AM1         

| QMMM: *** Parameter sets in use ***
| QMMM: C : M.J.S.DEWAR et al. JACS, 107, 3902, (1985)
| QMMM: O : M.J.S.DEWAR et al. JACS, 107, 3902, (1985)
| QMMM: P : M.J.S.DEWAR et al. THEOCHEM, 187,1, (1989)
| QMMM: H : M.J.S.DEWAR et al. JACS, 107, 3902, (1985)

| QMMM: *** SCF convergence criteria ***
| QMMM: Energy change                :  0.1D-09 kcal/mol
| QMMM: Error matrix |FP-PF|         :  0.1D+00 au
| QMMM: Density matrix change        :  0.5D-06
| QMMM: Maximum number of SCF cycles :     1000

| QMMM: *** Diagonalization Routine Information ***
| QMMM: Pseudo diagonalizations are allowed.
| QMMM: Auto diagonalization routine selection is in use.
| QMMM:
| QMMM: Timing diagonalization routines:
| QMMM:                              norbs =       83
| QMMM:    diag iterations used for timing =       15
| QMMM:
| QMMM:              Internal diag routine = 0.054848 seconds
| QMMM:                 Dspev diag routine = 0.032099 seconds
| QMMM:                Dspevd diag routine = 0.010976 seconds
| QMMM:                Dspevx diag routine = 0.053072 seconds
| QMMM:                 Dsyev diag routine = 0.034871 seconds
| QMMM:                Dsyevd diag routine = 0.024123 seconds
| QMMM:                Dsyevr diag routine = 0.027480 seconds
| QMMM:
| QMMM:                Pseudo diag routine = 0.012271 seconds
| QMMM: Pseudo diagonalization appears to be slower than regular
| QMMM: diagonalization. Setting pseudo_diag=0 for optimum performance.
| QMMM:
| QMMM: Using dspevd routine (diag_routine=3).

  QMMM: QM Region Cartesian Coordinates (*=link atom) 
  QMMM: QM_NO.   MM_NO.  ATOM         X         Y         Z
  QMMM:     1        1      C       24.5180   15.6410    5.3160
  QMMM:     2        2      C       23.3980   16.2980    6.1580
  QMMM:     3        3      C       23.5030   16.3390    7.4870
  QMMM:     4        4      C       22.5260   16.8960    8.2480
  QMMM:     5        5      C       22.7870   16.8640    9.7150
  QMMM:     6        6      C       21.3740   17.4700    7.6330
  QMMM:     7        7      C       20.2700   18.1290    8.2760
  QMMM:     8        8      C       20.1670   18.3750    9.7370
  QMMM:     9        9      C       19.2610   18.6150    7.4880
  QMMM:    10       10      C       19.2250   18.4330    6.1550
  QMMM:    11       11      C       21.2870   17.4160    6.2990
  QMMM:    12       12      C       22.3110   16.8280    5.5410
  QMMM:    13       13      O       19.1440   17.3890   11.8610
  QMMM:    14       14      O       19.5740   15.7320   10.3530
  QMMM:    15       15      O       17.6100   17.3670   10.1360
  QMMM:    16       16      O       18.3840   18.7070    5.4620
  QMMM:    17       17      O       20.2810   17.8870    5.5930
  QMMM:    18       18      P       19.0270   17.1640   10.6270
  QMMM:    19       19      H       24.3780   15.9230    7.9650
  QMMM:    20       20      H       21.1630   18.2930   10.1710
  QMMM:    21       21      H       19.7970   19.3880    9.8970
  QMMM:    22       22      H       18.4600   19.1680    7.9560
  QMMM:    23       23      H       22.2340   16.7970    4.4640
  QMMM:    24       24      H       24.2610   15.7010    4.2580
  QMMM:    25       25      H       24.6240   14.5950    5.6050
  QMMM:    26       26      H       25.4580   16.1640    5.4910
  QMMM:    27       27      H       23.6180   16.1890    9.9220
  QMMM:    28       28      H       21.8960   16.5130   10.2350
  QMMM:    29       29      H       23.0380   17.8670   10.0610

--------------------------------------------------------------------------------
  RESULTS
--------------------------------------------------------------------------------

      iter         sqm energy              rms gradient
      ----    -------------------    -----------------------
xmin    10     -146.8609 kcal/mol       19.2157 kcal/(mol*A)
xmin    20     -187.1216 kcal/mol        4.6290 kcal/(mol*A)
xmin    30     -191.2798 kcal/mol        0.8318 kcal/(mol*A)
xmin    40     -192.7221 kcal/mol        1.0013 kcal/(mol*A)
xmin    50     -192.8638 kcal/mol        0.1496 kcal/(mol*A)
xmin    60     -192.8665 kcal/mol        0.0569 kcal/(mol*A)
xmin    70     -192.7016 kcal/mol        2.3989 kcal/(mol*A)
xmin    80     -192.8710 kcal/mol        0.0472 kcal/(mol*A)
xmin    90     -192.8721 kcal/mol        0.0320 kcal/(mol*A)
xmin   100     -192.8727 kcal/mol        0.0166 kcal/(mol*A)
xmin   110     -192.8729 kcal/mol        0.0123 kcal/(mol*A)
xmin   120     -192.8731 kcal/mol        0.0248 kcal/(mol*A)
xmin   130     -192.8733 kcal/mol        0.0046 kcal/(mol*A)
xmin   140     -192.8733 kcal/mol        0.0016 kcal/(mol*A)
xmin   150     -192.8733 kcal/mol        0.0005 kcal/(mol*A)
  ... geometry converged !
 
 Final MO eigenvalues (eV):
 -42.2088  -39.9809  -39.6997  -37.6891  -36.4919  -36.2323  -35.7214  -34.1325
 -32.0736  -29.6855  -28.2522  -27.9708  -24.6625  -23.6741  -22.4200  -20.6718
 -19.9386  -18.8631  -18.3928  -17.7920  -17.4478  -17.1486  -17.0691  -16.2573
 -16.0628  -15.7007  -15.4918  -15.3007  -14.9644  -14.7538  -14.6504  -14.1496
 -13.9677  -13.8026  -13.7262  -13.4813  -13.0858  -13.0095  -12.8934  -12.6487
 -12.5830  -12.5452  -12.4424  -11.4227  -11.3093   -9.7614   -9.4849   -1.1606
  -0.1958    0.1170    0.2467    1.3292    1.5541    1.5987    2.2037    2.4542
   2.5302    2.8365    2.9402    3.0672    3.1884    3.2895    3.3941    3.6521
   3.7004    3.7986    3.8583    3.8987    4.0275    4.0715    4.2078    4.3083
   4.3938    4.4691    4.5110    4.6866    4.8628    4.9744    5.0944    5.2806
   5.7994    6.3259    6.5067

 Heat of formation   =       -192.87326300 kcal/mol  (       -8.36361229 eV)

 Total SCF energy    =     -78832.07261879 kcal/mol  (    -3418.41518663 eV)
 Electronic energy   =    -454560.75750915 kcal/mol  (   -19711.23357656 eV)
 Core-core repulsion =     375728.68489036 kcal/mol  (    16292.81838994 eV)
 
    Atomic Charges for Step       1 :
  Atom    Element       Mulliken Charge
     1      C                 -0.188
     2      C                 -0.013
     3      C                 -0.165
     4      C                 -0.007
     5      C                 -0.196
     6      C                 -0.131
     7      C                 -0.002
     8      C                  0.035
     9      C                 -0.226
    10      C                  0.333
    11      C                  0.111
    12      C                 -0.155
    13      O                 -0.946
    14      O                 -0.993
    15      O                 -0.721
    16      O                 -0.283
    17      O                 -0.190
    18      P                  2.436
    19      H                  0.141
    20      H                  0.132
    21      H                  0.122
    22      H                  0.185
    23      H                  0.163
    24      H                  0.091
    25      H                  0.095
    26      H                  0.093
    27      H                  0.092
    28      H                  0.102
    29      H                  0.085
 Total Mulliken Charge =       0.000
 
                  X        Y        Z     TOTAL  
  QM DIPOLE     5.948   -0.884    1.828    6.285
 
 Final Structure

  QMMM: QM Region Cartesian Coordinates (*=link atom) 
  QMMM: QM_NO.   MM_NO.  ATOM         X         Y         Z
  QMMM:     1        1      C       24.4917   15.6111    5.1365
  QMMM:     2        2      C       23.4449   16.2640    5.9554
  QMMM:     3        3      C       23.6346   16.4237    7.3360
  QMMM:     4        4      C       22.6729   17.0149    8.1556
  QMMM:     5        5      C       23.0382   17.1733    9.5856
  QMMM:     6        6      C       21.4444   17.4495    7.6009
  QMMM:     7        7      C       20.3116   18.0066    8.3219
  QMMM:     8        8      C       20.2780   18.0261    9.8211
  QMMM:     9        9      C       19.2565   18.5052    7.6339
  QMMM:    10       10      C       19.1899   18.4457    6.1856
  QMMM:    11       11      C       21.3004   17.3334    6.1965
  QMMM:    12       12      C       22.2744   16.7358    5.3764
  QMMM:    13       13      O       16.8929   17.4457   11.5084
  QMMM:    14       14      O       19.1944   16.0754   11.5572
  QMMM:    15       15      O       18.9607   18.2344   10.2963
  QMMM:    16       16      O       18.3278   18.8736    5.4206
  QMMM:    17       17      O       20.2051   17.7936    5.4947
  QMMM:    18       18      P       18.2669   17.1296   11.2125
  QMMM:    19       19      H       24.5806   16.0733    7.7794
  QMMM:    20       20      H       20.6700   17.0578   10.2437
  QMMM:    21       21      H       20.8896   18.9029   10.1855
  QMMM:    22       22      H       18.3914   18.9732    8.1326
  QMMM:    23       23      H       22.0909   16.6605    4.2941
  QMMM:    24       24      H       24.2378   15.6447    4.0487
  QMMM:    25       25      H       24.6022   14.5398    5.4412
  QMMM:    26       26      H       25.4763   16.1207    5.2871
  QMMM:    27       27      H       24.1407   17.0344    9.7279
  QMMM:    28       28      H       22.5245   16.4036   10.2157
  QMMM:    29       29      H       22.7848   18.1952    9.9588

           --------- Calculation Completed ----------

